<?xml version="1.0" encoding="UTF-8"?>

<beans xmlns="http://www.springframework.org/schema/beans"
       xmlns:xsi="http://www.w3.org/2001/XMLSchema-instance"
       xmlns:tx="http://www.springframework.org/schema/tx"
       xmlns:context="http://www.springframework.org/schema/context"
       xmlns:jdbc="http://www.springframework.org/schema/jdbc"
       xsi:schemaLocation="http://www.springframework.org/schema/beans
                           http://www.springframework.org/schema/beans/spring-beans-3.0.xsd
                           http://www.springframework.org/schema/tx
                           http://www.springframework.org/schema/tx/spring-tx-3.2.xsd
                           http://www.springframework.org/schema/context
                           http://www.springframework.org/schema/context/spring-context-3.0.xsd
                           http://www.springframework.org/schema/jdbc
                           http://www.springframework.org/schema/jdbc/spring-jdbc.xsd">

    <!-- Data Source for Test -->

    <jdbc:embedded-database id="dataSourceTest" type="HSQL">

        <jdbc:script location="/dbDDLTest.sql" />
        <jdbc:script location="/dbDataTest.sql" />

    </jdbc:embedded-database>


    <!-- Configure the Hibernate SessionFactory -->

    <bean id="sessionFactory" class="org.springframework.orm.hibernate4.LocalSessionFactoryBean">

        <property name="dataSource" ref="dataSourceTest"/>

        <property name="packagesToScan" value="com.dozortsev.bookstore.model"/>

        <property name="hibernateProperties">
            <props>
                <prop key="hibernate.show_sql">true</prop>
            </props>
        </property>
    </bean>


    <!-- Configure the transaction management -->

    <tx:annotation-driven transaction-manager="transactionManager"/>

    <bean id="transactionManager" class="org.springframework.orm.hibernate4.HibernateTransactionManager">

        <property name="sessionFactory" ref="sessionFactory"/>
    </bean>

    <!-- Scanning and managed components -->

    <context:annotation-config/>

    <context:component-scan base-package="com.dozortsev.bookstore"/>

</beans>